2024-06-27 04:59:27.924 +04:00  INF  Now listening on: https://localhost:7236
2024-06-27 04:59:27.995 +04:00  INF  Now listening on: http://localhost:5204
2024-06-27 04:59:28.001 +04:00  INF  Application started. Press Ctrl+C to shut down.
2024-06-27 04:59:28.001 +04:00  INF  Hosting environment: Development
2024-06-27 04:59:28.001 +04:00  INF  Content root path: C:\Users\HP\Desktop\App\App\
2024-06-27 04:59:28.322 +04:00  INF  Request starting HTTP/2 GET https://localhost:7236/swagger/index.html - -
2024-06-27 04:59:28.716 +04:00  INF  Request finished HTTP/2 GET https://localhost:7236/swagger/index.html - - - 200 - text/html;charset=utf-8 398.0792ms
2024-06-27 04:59:28.733 +04:00  INF  Request starting HTTP/2 GET https://localhost:7236/_vs/browserLink - -
2024-06-27 04:59:28.733 +04:00  INF  Request starting HTTP/2 GET https://localhost:7236/_framework/aspnetcore-browser-refresh.js - -
2024-06-27 04:59:28.740 +04:00  INF  Request finished HTTP/2 GET https://localhost:7236/_framework/aspnetcore-browser-refresh.js - - - 200 11976 application/javascript;+charset=utf-8 7.1179ms
2024-06-27 04:59:28.770 +04:00  INF  Request finished HTTP/2 GET https://localhost:7236/_vs/browserLink - - - 200 - text/javascript;+charset=UTF-8 37.1421ms
2024-06-27 04:59:29.159 +04:00  INF  Request starting HTTP/2 GET https://localhost:7236/swagger/v1/swagger.json - -
2024-06-27 04:59:29.322 +04:00  INF  Request finished HTTP/2 GET https://localhost:7236/swagger/v1/swagger.json - - - 200 - application/json;charset=utf-8 162.1255ms
2024-06-27 04:59:41.663 +04:00  INF  Request starting HTTP/2 GET https://localhost:7236/api/admin/Country/GetAll - -
2024-06-27 04:59:41.693 +04:00  INF  Executing endpoint 'App.Controllers.Admin.CountryController.GetAll (App)'
2024-06-27 04:59:41.763 +04:00  INF  Route matched with {action = "GetAll", controller = "Country"}. Executing controller action with signature System.Threading.Tasks.Task`1[Microsoft.AspNetCore.Mvc.IActionResult] GetAll() on controller App.Controllers.Admin.CountryController (App).
2024-06-27 04:59:43.540 +04:00  INF  Entity Framework Core 6.0.31 initialized 'AppDbContext' using provider 'Microsoft.EntityFrameworkCore.SqlServer:6.0.31' with options: None
2024-06-27 04:59:43.734 +04:00  INF  Country GetAll is working 
2024-06-27 04:59:44.949 +04:00  INF  Executed DbCommand (82ms) [Parameters=[], CommandType='"Text"', CommandTimeout='30']
SELECT [c].[Id], [c].[CreatedDate], [c].[Name], [c].[SoftDelete]
FROM [Countries] AS [c]
2024-06-27 04:59:45.085 +04:00  INF  Executing OkObjectResult, writing value of type 'System.Collections.Generic.List`1[[Service.DTOs.Admin.Countries.CountryDto, Service, Version=1.0.0.0, Culture=neutral, PublicKeyToken=null]]'.
2024-06-27 04:59:45.107 +04:00  INF  Executed action App.Controllers.Admin.CountryController.GetAll (App) in 3330.5475ms
2024-06-27 04:59:45.108 +04:00  INF  Executed endpoint 'App.Controllers.Admin.CountryController.GetAll (App)'
2024-06-27 04:59:45.117 +04:00  INF  Request finished HTTP/2 GET https://localhost:7236/api/admin/Country/GetAll - - - 200 - application/json;+charset=utf-8 3454.6115ms
2024-06-27 05:10:10.770 +04:00  INF  Now listening on: https://localhost:7236
2024-06-27 05:10:10.833 +04:00  INF  Now listening on: http://localhost:5204
2024-06-27 05:10:10.841 +04:00  INF  Application started. Press Ctrl+C to shut down.
2024-06-27 05:10:10.842 +04:00  INF  Hosting environment: Development
2024-06-27 05:10:10.842 +04:00  INF  Content root path: C:\Users\HP\Desktop\App\App\
2024-06-27 05:10:10.950 +04:00  INF  Request starting HTTP/2 GET https://localhost:7236/swagger/index.html - -
2024-06-27 05:10:11.342 +04:00  INF  Request finished HTTP/2 GET https://localhost:7236/swagger/index.html - - - 200 - text/html;charset=utf-8 397.1257ms
2024-06-27 05:10:11.344 +04:00  INF  Request starting HTTP/2 GET https://localhost:7236/_framework/aspnetcore-browser-refresh.js - -
2024-06-27 05:10:11.344 +04:00  INF  Request starting HTTP/2 GET https://localhost:7236/_vs/browserLink - -
2024-06-27 05:10:11.352 +04:00  INF  Request finished HTTP/2 GET https://localhost:7236/_framework/aspnetcore-browser-refresh.js - - - 200 11976 application/javascript;+charset=utf-8 7.3158ms
2024-06-27 05:10:11.375 +04:00  INF  Request finished HTTP/2 GET https://localhost:7236/_vs/browserLink - - - 200 - text/javascript;+charset=UTF-8 30.7645ms
2024-06-27 05:10:11.559 +04:00  INF  Request starting HTTP/2 GET https://localhost:7236/swagger/v1/swagger.json - -
2024-06-27 05:10:11.754 +04:00  INF  Request finished HTTP/2 GET https://localhost:7236/swagger/v1/swagger.json - - - 200 - application/json;charset=utf-8 194.8016ms
2024-06-27 05:10:54.412 +04:00  INF  Now listening on: https://localhost:7236
2024-06-27 05:10:54.472 +04:00  INF  Now listening on: http://localhost:5204
2024-06-27 05:10:54.482 +04:00  INF  Application started. Press Ctrl+C to shut down.
2024-06-27 05:10:54.482 +04:00  INF  Hosting environment: Development
2024-06-27 05:10:54.482 +04:00  INF  Content root path: C:\Users\HP\Desktop\App\App\
2024-06-27 05:10:54.653 +04:00  INF  Request starting HTTP/2 GET https://localhost:7236/swagger/index.html - -
2024-06-27 05:10:55.274 +04:00  INF  Request finished HTTP/2 GET https://localhost:7236/swagger/index.html - - - 200 - text/html;charset=utf-8 628.2867ms
2024-06-27 05:10:55.280 +04:00  INF  Request starting HTTP/2 GET https://localhost:7236/_vs/browserLink - -
2024-06-27 05:10:55.280 +04:00  INF  Request starting HTTP/2 GET https://localhost:7236/_framework/aspnetcore-browser-refresh.js - -
2024-06-27 05:10:55.284 +04:00  INF  Request finished HTTP/2 GET https://localhost:7236/_framework/aspnetcore-browser-refresh.js - - - 200 11976 application/javascript;+charset=utf-8 4.1038ms
2024-06-27 05:10:55.337 +04:00  INF  Request finished HTTP/2 GET https://localhost:7236/_vs/browserLink - - - 200 - text/javascript;+charset=UTF-8 57.1718ms
2024-06-27 05:10:55.554 +04:00  INF  Request starting HTTP/2 GET https://localhost:7236/swagger/v1/swagger.json - -
2024-06-27 05:10:55.731 +04:00  INF  Request finished HTTP/2 GET https://localhost:7236/swagger/v1/swagger.json - - - 200 - application/json;charset=utf-8 177.1277ms
2024-06-27 05:53:56.480 +04:00  INF  Now listening on: https://localhost:7236
2024-06-27 05:53:56.538 +04:00  INF  Now listening on: http://localhost:5204
2024-06-27 05:53:56.545 +04:00  INF  Application started. Press Ctrl+C to shut down.
2024-06-27 05:53:56.546 +04:00  INF  Hosting environment: Development
2024-06-27 05:53:56.546 +04:00  INF  Content root path: C:\Users\HP\Desktop\App\App\
2024-06-27 05:53:56.713 +04:00  INF  Request starting HTTP/2 GET https://localhost:7236/swagger/index.html - -
2024-06-27 05:53:57.157 +04:00  INF  Request finished HTTP/2 GET https://localhost:7236/swagger/index.html - - - 200 - text/html;charset=utf-8 450.6729ms
2024-06-27 05:53:57.160 +04:00  INF  Request starting HTTP/2 GET https://localhost:7236/_framework/aspnetcore-browser-refresh.js - -
2024-06-27 05:53:57.160 +04:00  INF  Request starting HTTP/2 GET https://localhost:7236/_vs/browserLink - -
2024-06-27 05:53:57.164 +04:00  INF  Request finished HTTP/2 GET https://localhost:7236/_framework/aspnetcore-browser-refresh.js - - - 200 11976 application/javascript;+charset=utf-8 4.2970ms
2024-06-27 05:53:57.182 +04:00  INF  Request finished HTTP/2 GET https://localhost:7236/_vs/browserLink - - - 200 - text/javascript;+charset=UTF-8 21.9965ms
2024-06-27 05:53:57.418 +04:00  INF  Request starting HTTP/2 GET https://localhost:7236/swagger/v1/swagger.json - -
2024-06-27 05:53:57.561 +04:00  INF  Request finished HTTP/2 GET https://localhost:7236/swagger/v1/swagger.json - - - 200 - application/json;charset=utf-8 143.0868ms
2024-06-27 05:54:19.048 +04:00  INF  Request starting HTTP/2 POST https://localhost:7236/api/admin/City/Create application/json 68
2024-06-27 05:54:19.067 +04:00  INF  Executing endpoint 'App.Controllers.Admin.CityController.Create (App)'
2024-06-27 05:54:19.135 +04:00  INF  Route matched with {action = "Create", controller = "City"}. Executing controller action with signature System.Threading.Tasks.Task`1[Microsoft.AspNetCore.Mvc.IActionResult] Create(Service.DTOs.Admin.Cities.CityCreateDto) on controller App.Controllers.Admin.CityController (App).
2024-06-27 05:54:20.900 +04:00  INF  Entity Framework Core 6.0.31 initialized 'AppDbContext' using provider 'Microsoft.EntityFrameworkCore.SqlServer:6.0.31' with options: None
2024-06-27 05:54:22.659 +04:00  INF  Executed DbCommand (114ms) [Parameters=[@__id_0='?' (DbType = Int32)], CommandType='"Text"', CommandTimeout='30']
SELECT TOP(1) [c].[Id], [c].[CreatedDate], [c].[Name], [c].[SoftDelete]
FROM [Countries] AS [c]
WHERE [c].[Id] = @__id_0
2024-06-27 05:54:22.713 +04:00  WRN  Country is not found-100-6/27/2024 5:54:22 AM
2024-06-27 05:54:22.731 +04:00  INF  Executed action App.Controllers.Admin.CityController.Create (App) in 3585.3331ms
2024-06-27 05:54:22.733 +04:00  INF  Executed endpoint 'App.Controllers.Admin.CityController.Create (App)'
2024-06-27 05:54:22.737 +04:00  ERR  Id-100country notfound
2024-06-27 05:54:22.745 +04:00  INF  Request finished HTTP/2 POST https://localhost:7236/api/admin/City/Create application/json 68 - 404 - application/json 3697.3233ms
